C51 COMPILER V6.02  MAIN                                                                   09/17/2002 10:11:14 PAGE 1   


C51 COMPILER V6.02, COMPILATION OF MODULE MAIN
OBJECT MODULE PLACED IN .\main.OBJ
COMPILER INVOKED BY: C:\Keil\C51\BIN\C51.EXE .\main.c LARGE DEBUG OBJECTEXTEND

stmt level    source

   1          #include <REG52.H>                /* special function register declarations   */
   2                                            /* for the intended 8051 derivative         */
   3          
   4          #include <stdio.h>                /* prototype declarations for I/O functions */
   5          #include <string.h>
   6          
   7          #ifdef MONITOR51                         /* Debugging with Monitor-51 needs   */
              char code reserve [3] _at_ 0x23;         /* space for serial interrupt if     */
              #endif                                   /* Stop Exection with Serial Intr.   */
  10                                                   /* is enabled                        */
  11          
  12          /*------------------------------------------------
  13          The main C function.  Program execution starts
  14          here after stack initialization.
  15          ------------------------------------------------*/
  16          void main (void) {
  17   1      
  18   1      	int t,i,num[3][4];
  19   1      /*------------------------------------------------
  20   1      Setup the serial port for 1200 baud at 16MHz.
  21   1      ------------------------------------------------*/
  22   1      #ifndef MONITOR51
  23   1          SCON  = 0x50;		        /* SCON: mode 1, 8-bit UART, enable rcvr      */
  24   1          TMOD |= 0x20;               /* TMOD: timer 1, mode 2, 8-bit reload        */
  25   1          TH1   = 221;                /* TH1:  reload value for 1200 baud @ 16MHz   */
  26   1          TR1   = 1;                  /* TR1:  timer 1 run                          */
  27   1          TI    = 1;                  /* TI:   set TI to send first char of UART    */
  28   1      #endif
  29   1      /*------------------------------------------------
  30   1      Note that an embedded program never exits (because
  31   1      there is no operating system to return to).  It
  32   1      must loop and execute forever.
  33   1      ------------------------------------------------*/
  34   1      	for (t=0; t<3; ++t)
  35   1      		for (i=0;i<4;++i)
  36   1      			num[t][i]=(t*4)+i+1;
  37   1          while (1) {};
  38   1      }
  39          


MODULE INFORMATION:   STATIC OVERLAYABLE
   CODE SIZE        =    167    ----
   CONSTANT SIZE    =   ----    ----
   XDATA SIZE       =   ----      28
   PDATA SIZE       =   ----    ----
   DATA SIZE        =   ----    ----
   IDATA SIZE       =   ----    ----
   BIT SIZE         =   ----    ----
END OF MODULE INFORMATION.


C51 COMPILATION COMPLETE.  0 WARNING(S),  0 ERROR(S)
