C51 COMPILER V6.02  EX12                                                                   09/15/2002 21:52:19 PAGE 1   


C51 COMPILER V6.02, COMPILATION OF MODULE EX12
OBJECT MODULE PLACED IN .\ex12.OBJ
COMPILER INVOKED BY: C:\Keil\C51\BIN\C51.EXE .\ex12.c DEBUG OBJECTEXTEND

stmt level    source

   1          #include <REG52.H>                /* special function register declarations   */
   2                                            /* for the intended 8051 derivative         */
   3          
   4          #include <stdio.h>                /* prototype declarations for I/O functions */
   5          
   6          
   7          #ifdef MONITOR51                         /* Debugging with Monitor-51 needs   */
              char code reserve [3] _at_ 0x23;         /* space for serial interrupt if     */
              #endif                                   /* Stop Exection with Serial Intr.   */
  10                                                   /* is enabled                        */
  11          
  12          
  13          /*------------------------------------------------
  14          The main C function.  Program execution starts
  15          here after stack initialization.
  16          ------------------------------------------------*/
  17          void main (void) {
  18   1      
  19   1      	float price,tax=0;
  20   1      /*------------------------------------------------
  21   1      Setup the serial port for 1200 baud at 16MHz.
  22   1      ------------------------------------------------*/
  23   1      #ifndef MONITOR51
  24   1          SCON  = 0x50;		        /* SCON: mode 1, 8-bit UART, enable rcvr      */
  25   1          TMOD |= 0x20;               /* TMOD: timer 1, mode 2, 8-bit reload        */
  26   1          TH1   = 221;                /* TH1:  reload value for 1200 baud @ 16MHz   */
  27   1          TR1   = 1;                  /* TR1:  timer 1 run                          */
  28   1          TI    = 1;                  /* TI:   set TI to send first char of UART    */
  29   1      #endif
  30   1      	printf("input price:");
  31   1      	scanf("%f",&price);
  32   1      	if(price>=10000.0)
  33   1      	{
  34   2      		tax=0.05*(price-10000)+tax; price=10000;
  35   2      	}
  36   1      	if (price>=5000.0)
  37   1      	{
  38   2      		tax=0.03*(price-5000)+tax;price=5000; 
  39   2      	}
  40   1      	if(price>=1000.00)
  41   1      	{
  42   2      		tax=0.02*(price-1000)+tax;
  43   2      	}
  44   1      	printf("the tax=%10.3f\n",tax);
  45   1      /*------------------------------------------------
  46   1      Note that an embedded program never exits (because
  47   1      there is no operating system to return to).  It
  48   1      must loop and execute forever.
  49   1      ------------------------------------------------*/
  50   1        while (1) {};
  51   1      }
  52          


MODULE INFORMATION:   STATIC OVERLAYABLE
C51 COMPILER V6.02  EX12                                                                   09/15/2002 21:52:19 PAGE 2   

   CODE SIZE        =    304    ----
   CONSTANT SIZE    =     32    ----
   XDATA SIZE       =   ----    ----
   PDATA SIZE       =   ----    ----
   DATA SIZE        =   ----       8
   IDATA SIZE       =   ----    ----
   BIT SIZE         =   ----    ----
END OF MODULE INFORMATION.


C51 COMPILATION COMPLETE.  0 WARNING(S),  0 ERROR(S)
