C51 COMPILER V6.02  EX18                                                                   09/15/2002 22:40:16 PAGE 1   


C51 COMPILER V6.02, COMPILATION OF MODULE EX18
OBJECT MODULE PLACED IN .\ex18.OBJ
COMPILER INVOKED BY: C:\Keil\C51\BIN\C51.EXE .\ex18.c DEBUG OBJECTEXTEND

stmt level    source

   1          #include <REG52.H>                /* special function register declarations   */
   2                                            /* for the intended 8051 derivative         */
   3          
   4          #include <stdio.h>                /* prototype declarations for I/O functions */
   5          #include <math.h>
   6          
   7          #ifdef MONITOR51                         /* Debugging with Monitor-51 needs   */
              char code reserve [3] _at_ 0x23;         /* space for serial interrupt if     */
              #endif                                   /* Stop Exection with Serial Intr.   */
  10                                                   /* is enabled                        */
  11          
  12          
  13          /*------------------------------------------------
  14          The main C function.  Program execution starts
  15          here after stack initialization.
  16          ------------------------------------------------*/
  17          void main (void) {
  18   1      
  19   1      	double s,t,x;
  20   1      	int n;
  21   1      /*------------------------------------------------
  22   1      Setup the serial port for 1200 baud at 16MHz.
  23   1      ------------------------------------------------*/
  24   1      #ifndef MONITOR51
  25   1          SCON  = 0x50;		        /* SCON: mode 1, 8-bit UART, enable rcvr      */
  26   1          TMOD |= 0x20;               /* TMOD: timer 1, mode 2, 8-bit reload        */
  27   1          TH1   = 221;                /* TH1:  reload value for 1200 baud @ 16MHz   */
  28   1          TR1   = 1;                  /* TR1:  timer 1 run                          */
  29   1          TI    = 1;                  /* TI:   set TI to send first char of UART    */
  30   1      #endif
  31   1      /*------------------------------------------------
  32   1      Note that an embedded program never exits (because
  33   1      there is no operating system to return to).  It
  34   1      must loop and execute forever.
  35   1      ------------------------------------------------*/
  36   1      	printf("please input x :");
  37   1      	scanf("%lf",&x);
  38   1      	t = x;
  39   1      	n=1;
  40   1      	s = x;
  41   1      	do
  42   1      	{
  43   2      		n = n + 2 ;
  44   2      		t = t * ( - x * x ) / ( (float)(n) - 1 ) / (float)(n) ;
  45   2      		s = s + t ;
  46   2      	}while(fabs(t)>=1e-7);
  47   1      	printf("sin(%f )=%lf",x,s);
  48   1          while(1) {};
  49   1      }


MODULE INFORMATION:   STATIC OVERLAYABLE
   CODE SIZE        =    293    ----
   CONSTANT SIZE    =     34    ----
   XDATA SIZE       =   ----    ----
C51 COMPILER V6.02  EX18                                                                   09/15/2002 22:40:16 PAGE 2   

   PDATA SIZE       =   ----    ----
   DATA SIZE        =   ----      14
   IDATA SIZE       =   ----    ----
   BIT SIZE         =   ----    ----
END OF MODULE INFORMATION.


C51 COMPILATION COMPLETE.  0 WARNING(S),  0 ERROR(S)
