C51 COMPILER V6.02  EX16                                                                   09/15/2002 22:27:27 PAGE 1   


C51 COMPILER V6.02, COMPILATION OF MODULE EX16
OBJECT MODULE PLACED IN .\ex16.OBJ
COMPILER INVOKED BY: C:\Keil\C51\BIN\C51.EXE .\ex16.c DEBUG OBJECTEXTEND

stmt level    source

   1          #include <REG52.H>                /* special function register declarations   */
   2                                            /* for the intended 8051 derivative         */
   3          
   4          #include <stdio.h>                /* prototype declarations for I/O functions */
   5          
   6          
   7          #ifdef MONITOR51                         /* Debugging with Monitor-51 needs   */
              char code reserve [3] _at_ 0x23;         /* space for serial interrupt if     */
              #endif                                   /* Stop Exection with Serial Intr.   */
  10                                                   /* is enabled                        */
  11          
  12          
  13          /*------------------------------------------------
  14          The main C function.  Program execution starts
  15          here after stack initialization.
  16          ------------------------------------------------*/
  17          void main (void) {
  18   1      
  19   1      	int n,i;
  20   1      	long int s;
  21   1      /*------------------------------------------------
  22   1      Setup the serial port for 1200 baud at 16MHz.
  23   1      ------------------------------------------------*/
  24   1      #ifndef MONITOR51
  25   1          SCON  = 0x50;		        /* SCON: mode 1, 8-bit UART, enable rcvr      */
  26   1          TMOD |= 0x20;               /* TMOD: timer 1, mode 2, 8-bit reload        */
  27   1          TH1   = 221;                /* TH1:  reload value for 1200 baud @ 16MHz   */
  28   1          TR1   = 1;                  /* TR1:  timer 1 run                          */
  29   1          TI    = 1;                  /* TI:   set TI to send first char of UART    */
  30   1      #endif
  31   1      /*------------------------------------------------
  32   1      Note that an embedded program never exits (because
  33   1      there is no operating system to return to).  It
  34   1      must loop and execute forever.
  35   1      ------------------------------------------------*/
  36   1      	printf(" please input n (n>=0) :");
  37   1      	scanf("%d",&n);
  38   1      	if(n>=0)
  39   1      	{
  40   2      		s=1;
  41   2      		if(n>0)
  42   2      		{
  43   3      			i=1;
  44   3      			while (i<=n)
  45   3      			{
  46   4      				s*=i ;
  47   4      				i=i+1 ;
  48   4      			}
  49   3      		}
  50   2      		printf("%d! = %ld \n",n,s);
  51   2      	}
  52   1      	else
  53   1      		printf("Invalid input! \n");
  54   1          while (1) {};
  55   1      }
C51 COMPILER V6.02  EX16                                                                   09/15/2002 22:27:27 PAGE 2   



MODULE INFORMATION:   STATIC OVERLAYABLE
   CODE SIZE        =    174    ----
   CONSTANT SIZE    =     57    ----
   XDATA SIZE       =   ----    ----
   PDATA SIZE       =   ----    ----
   DATA SIZE        =   ----       8
   IDATA SIZE       =   ----    ----
   BIT SIZE         =   ----    ----
END OF MODULE INFORMATION.


C51 COMPILATION COMPLETE.  0 WARNING(S),  0 ERROR(S)
